Supplier#000000021|10|104.59
Supplier#000000021|19|219.37
Supplier#000000021|20|722.1
Supplier#000000021|24|597.44
Supplier#000000021|26|324.25
Supplier#000000021|29|20.46
Supplier#000000021|2|632.9
Supplier#000000021|42|940.81
Supplier#000000021|48|533.95
Supplier#000000021|7|430.21
Supplier#000000092|18|993.9
Supplier#000000092|25|510.64
Supplier#000000092|28|474.47
Supplier#000000092|34|13.93
Supplier#000000092|40|211.85
Supplier#000000092|43|304.18
Supplier#000000092|44|809.8
Supplier#000000092|45|56.63
Supplier#000000092|50|785.75
Supplier#000000092|5|811.29
Supplier#000000092|8|822.25
